<?xml version="1.0" encoding="UTF-8"?>
<!-- Generated by org.testng.reporters.JUnitReportReporter -->
<testsuite hostname="dell-PC" failures="0" tests="1" name="com.MyStore.TestCases.TC_UserRegistration_001" time="16.693" errors="0" timestamp="2021-04-06T20:32:27 IST" skipped="0">
  <testcase classname="com.MyStore.TestCases.TC_UserRegistration_001" name="CreateAnAcount" time="16.693"/>
  <system-out/>
</testsuite> <!-- com.MyStore.TestCases.TC_UserRegistration_001 -->
