<?xml version="1.0" encoding="UTF-8"?>
<!-- Generated by org.testng.reporters.JUnitReportReporter -->
<testsuite hostname="dell-PC" failures="0" tests="1" name="com.MyStore.TestCases.TC_MyStore_AddToWishlistVerification_007" time="9.997" errors="0" timestamp="2021-04-06T20:32:27 IST" skipped="0">
  <testcase classname="com.MyStore.TestCases.TC_MyStore_AddToWishlistVerification_007" name="addtowishlistverification" time="9.997"/>
  <system-out/>
</testsuite> <!-- com.MyStore.TestCases.TC_MyStore_AddToWishlistVerification_007 -->
