<?xml version="1.0" encoding="UTF-8"?>
<!-- Generated by org.testng.reporters.JUnitReportReporter -->
<testsuite hostname="dell-PC" failures="0" tests="3" name="com.MyStore.TestCases.TC_Mystore_LoginDDT_004" time="35.261" errors="0" timestamp="2021-04-06T20:32:27 IST" skipped="0">
  <testcase classname="com.MyStore.TestCases.TC_Mystore_LoginDDT_004" name="LoginDDT" time="8.338"/>
  <system-out/>
  <testcase classname="com.MyStore.TestCases.TC_Mystore_LoginDDT_004" name="LoginDDT" time="11.193"/>
  <system-out/>
  <testcase classname="com.MyStore.TestCases.TC_Mystore_LoginDDT_004" name="LoginDDT" time="15.730"/>
  <system-out/>
</testsuite> <!-- com.MyStore.TestCases.TC_Mystore_LoginDDT_004 -->
