<?xml version="1.0" encoding="UTF-8"?>
<!-- Generated by org.testng.reporters.JUnitReportReporter -->
<testsuite hostname="dell-PC" failures="0" tests="1" name="com.MyStore.TestCases.TC" time="12.316" errors="0" timestamp="2021-03-13T22:10:33 IST" skipped="0">
  <testcase classname="com.MyStore.TestCases.TC" name="logintest" time="12.316"/>
  <system-out/>
</testsuite> <!-- com.MyStore.TestCases.TC -->
