<?xml version="1.0" encoding="UTF-8"?>
<!-- Generated by org.testng.reporters.JUnitReportReporter -->
<testsuite hostname="dell-PC" failures="0" tests="1" name="com.MyStore.TestCases.TC_MyStore_BuyProduct_005" time="35.425" errors="0" timestamp="2021-04-06T20:32:27 IST" skipped="0">
  <testcase classname="com.MyStore.TestCases.TC_MyStore_BuyProduct_005" name="BuyProduct" time="35.425"/>
  <system-out/>
</testsuite> <!-- com.MyStore.TestCases.TC_MyStore_BuyProduct_005 -->
