<?xml version="1.0" encoding="UTF-8"?>
<!-- Generated by org.testng.reporters.JUnitReportReporter -->
<testsuite hostname="dell-PC" failures="0" tests="1" name="com.MyStore.TestCases.TC_MyStore_PriceUpdateVerification_008" time="38.641" errors="0" timestamp="2021-04-08T13:06:00 IST" skipped="0">
  <testcase classname="com.MyStore.TestCases.TC_MyStore_PriceUpdateVerification_008" name="priceupdatecheck" time="38.641"/>
  <system-out/>
</testsuite> <!-- com.MyStore.TestCases.TC_MyStore_PriceUpdateVerification_008 -->
