<?xml version="1.0" encoding="UTF-8"?>
<!-- Generated by org.testng.reporters.JUnitReportReporter -->
<testsuite hostname="dell-PC" failures="0" tests="3" name="com.MyStore.TestCases.TC_Mystore_LoginDDT_004" time="39.995" errors="0" timestamp="2021-04-08T13:06:00 IST" skipped="0">
  <testcase classname="com.MyStore.TestCases.TC_Mystore_LoginDDT_004" name="LoginDDT" time="7.707"/>
  <system-out/>
  <testcase classname="com.MyStore.TestCases.TC_Mystore_LoginDDT_004" name="LoginDDT" time="22.281"/>
  <system-out/>
  <testcase classname="com.MyStore.TestCases.TC_Mystore_LoginDDT_004" name="LoginDDT" time="10.007"/>
  <system-out/>
</testsuite> <!-- com.MyStore.TestCases.TC_Mystore_LoginDDT_004 -->
