<?xml version="1.0" encoding="UTF-8"?>
<!-- Generated by org.testng.reporters.JUnitReportReporter -->
<testsuite hostname="dell-PC" failures="0" tests="1" name="com.MyStore.TestCases.TC_MyStore_BuyProduct_005" time="64.939" errors="0" timestamp="2021-04-08T13:06:00 IST" skipped="0">
  <testcase classname="com.MyStore.TestCases.TC_MyStore_BuyProduct_005" name="BuyProduct" time="64.939"/>
  <system-out/>
</testsuite> <!-- com.MyStore.TestCases.TC_MyStore_BuyProduct_005 -->
